<?xml version="1.0" encoding="UTF-8"?>
<testsuite xmlns:xsi="http://www.w3.org/2001/XMLSchema-instance" xsi:noNamespaceSchemaLocation="https://maven.apache.org/surefire/maven-failsafe-plugin/xsd/failsafe-test-report.xsd" name="cut.ScissorsIT" time="0.008" tests="2" errors="0" skipped="0" failures="0">
  <properties>
[...]
</properties>
  <testcase name="cut_CuttingLeafWithIncorrectData_NotVerifyDeletingPartOfLeaves" classname="cut.ScissorsIT" time="0.003"/>
  <testcase name="cut_CuttingLeafWithCorrectData_VerifyDeletingPartOfLeaves" classname="cut.ScissorsIT" time="0.002"/>
</testsuite>